<?xml version="1.0" encoding="UTF-8"?>
<!-- Generated by org.testng.reporters.JUnitReportReporter -->
<testsuite skipped="0" hostname="TMPO-ITSP31" name="com.textcompare.test.TextComparisonTests" tests="12" failures="0" timestamp="23 Jun 2020 00:28:36 GMT" time="1.039" errors="0">
  <testcase name="testEmptyString" time="0.008" classname="com.textcompare.test.TextComparisonTests"/>
  <testcase name="testOneWord" time="0.002" classname="com.textcompare.test.TextComparisonTests"/>
  <testcase name="testUncommonWordsWithNumbers" time="0.002" classname="com.textcompare.test.TextComparisonTests"/>
  <testcase name="testLongSentence" time="0.005" classname="com.textcompare.test.TextComparisonTests"/>
  <testcase name="testRepeatingUncommonWords" time="0.002" classname="com.textcompare.test.TextComparisonTests"/>
  <testcase name="testSomeUncommonWordsinSecond" time="0.104" classname="com.textcompare.test.TextComparisonTests"/>
  <testcase name="testAllUncommonWords" time="0.670" classname="com.textcompare.test.TextComparisonTests"/>
  <testcase name="testCaseSensitivityofUncommonWords" time="0.002" classname="com.textcompare.test.TextComparisonTests"/>
  <testcase name="testSomeUncommonWordsinFirst" time="0.115" classname="com.textcompare.test.TextComparisonTests"/>
  <testcase name="testSomeUncommonWordsinBoth" time="0.125" classname="com.textcompare.test.TextComparisonTests"/>
  <testcase name="testUncommonWordsWithPunctuation" time="0.002" classname="com.textcompare.test.TextComparisonTests"/>
  <testcase name="testNoUncommonWords" time="0.002" classname="com.textcompare.test.TextComparisonTests"/>
</testsuite> <!-- com.textcompare.test.TextComparisonTests -->
